This file contains any messages produced by compilers while
running configure, to aid debugging if configure makes a mistake.

It was created by expat configure 2.2.0, which was
generated by GNU Autoconf 2.69.  Invocation command line was

  $ ./configure --prefix=/data/data/io.neoterm/files/home/aria2//usr/local --enable-static=yes --enable-shared=no

## --------- ##
## Platform. ##
## --------- ##

hostname = localhost
uname -m = aarch64
uname -r = 4.14.117-resurrected-gbadd2cd3b5e0
uname -s = Linux
uname -v = #1 SMP PREEMPT Sun Oct 25 22:47:58 AEDT 2020

/usr/bin/uname -p = unknown
/bin/uname -X     = unknown

/bin/arch              = unknown
/usr/bin/arch -k       = unknown
/usr/convex/getsysinfo = unknown
/usr/bin/hostinfo      = unknown
/bin/machine           = unknown
/usr/bin/oslevel       = unknown
/bin/universe          = unknown

PATH: /data/data/io.neoterm/files/home/aria2//toolchain/bin
PATH: /data/data/io.neoterm/files/home/aria2//toolchain/bin
PATH: /data/data/io.neoterm/files/usr/bin
PATH: /data/data/io.neoterm/files/usr/bin/applets


## ----------- ##
## Core tests. ##
## ----------- ##

configure:2411: checking build system type
configure:2425: result: aarch64-unknown-linux-gnu
configure:2445: checking host system type
configure:2458: result: aarch64-unknown-linux-gnu
configure:2827: checking how to print strings
configure:2854: result: printf
configure:2923: checking for gcc
configure:2950: result: /data/data/io.neoterm/files/home/aria2//toolchain/bin/clang
configure:3179: checking for C compiler version
configure:3188: /data/data/io.neoterm/files/home/aria2//toolchain/bin/clang --version >&5
clang version 7.0.0 
Target: aarch64-none-linux-android
Thread model: posix
InstalledDir: /data/data/io.neoterm/files/home/aria2//toolchain/bin
configure:3199: $? = 0
configure:3188: /data/data/io.neoterm/files/home/aria2//toolchain/bin/clang -v >&5
clang version 7.0.0 
Target: aarch64-none-linux-android
Thread model: posix
InstalledDir: /data/data/io.neoterm/files/home/aria2//toolchain/bin
Found candidate GCC installation: /data/data/io.neoterm/files/home/aria2//toolchain/bin/../lib/gcc/aarch64-linux-android/4.9.x
Selected GCC installation: /data/data/io.neoterm/files/home/aria2//toolchain/bin/../lib/gcc/aarch64-linux-android/4.9.x
Candidate multilib: .;@m64
Selected multilib: .;@m64
clang-7: warning: argument unused during compilation: '-D __ANDROID_API__=28' [-Wunused-command-line-argument]
configure:3199: $? = 0
configure:3188: /data/data/io.neoterm/files/home/aria2//toolchain/bin/clang -V >&5
clang-7: error: argument to '-V' is missing (expected 1 value)
clang-7: error: no input files
configure:3199: $? = 1
configure:3188: /data/data/io.neoterm/files/home/aria2//toolchain/bin/clang -qversion >&5
clang-7: error: unknown argument '-qversion', did you mean '--version'?
clang-7: error: no input files
configure:3199: $? = 1
configure:3219: checking whether the C compiler works
configure:3241: /data/data/io.neoterm/files/home/aria2//toolchain/bin/clang    conftest.c  >&5
configure:3245: $? = 0
configure:3293: result: yes
configure:3296: checking for C compiler default output file name
configure:3298: result: a.out
configure:3304: checking for suffix of executables
configure:3311: /data/data/io.neoterm/files/home/aria2//toolchain/bin/clang -o conftest    conftest.c  >&5
configure:3315: $? = 0
configure:3337: result: 
configure:3359: checking whether we are cross compiling
configure:3367: /data/data/io.neoterm/files/home/aria2//toolchain/bin/clang -o conftest    conftest.c  >&5
configure:3371: $? = 0
configure:3378: ./conftest
configure:3382: $? = 0
configure:3397: result: no
configure:3402: checking for suffix of object files
configure:3424: /data/data/io.neoterm/files/home/aria2//toolchain/bin/clang -c   conftest.c >&5
configure:3428: $? = 0
configure:3449: result: o
configure:3453: checking whether we are using the GNU C compiler
configure:3472: /data/data/io.neoterm/files/home/aria2//toolchain/bin/clang -c   conftest.c >&5
configure:3472: $? = 0
configure:3481: result: yes
configure:3490: checking whether /data/data/io.neoterm/files/home/aria2//toolchain/bin/clang accepts -g
configure:3510: /data/data/io.neoterm/files/home/aria2//toolchain/bin/clang -c -g  conftest.c >&5
configure:3510: $? = 0
configure:3551: result: yes
configure:3568: checking for /data/data/io.neoterm/files/home/aria2//toolchain/bin/clang option to accept ISO C89
configure:3631: /data/data/io.neoterm/files/home/aria2//toolchain/bin/clang  -c -g -O2  conftest.c >&5
configure:3631: $? = 0
configure:3644: result: none needed
configure:3664: checking for a sed that does not truncate output
configure:3728: result: /data/data/io.neoterm/files/home/aria2//toolchain/bin/sed
configure:3746: checking for grep that handles long lines and -e
configure:3804: result: /data/data/io.neoterm/files/usr/bin/applets/grep
configure:3809: checking for egrep
configure:3871: result: /data/data/io.neoterm/files/usr/bin/applets/grep -E
configure:3876: checking for fgrep
configure:3938: result: /data/data/io.neoterm/files/usr/bin/applets/grep -F
configure:3973: checking for ld used by /data/data/io.neoterm/files/home/aria2//toolchain/bin/clang
configure:4040: result: /data/data/io.neoterm/files/home/aria2//toolchain/bin/ld
configure:4047: checking if the linker (/data/data/io.neoterm/files/home/aria2//toolchain/bin/ld) is GNU ld
configure:4062: result: yes
configure:4074: checking for BSD- or MS-compatible name lister (nm)
configure:4128: result: /data/data/io.neoterm/files/home/aria2//toolchain/bin/nm -B
configure:4258: checking the name lister (/data/data/io.neoterm/files/home/aria2//toolchain/bin/nm -B) interface
configure:4265: /data/data/io.neoterm/files/home/aria2//toolchain/bin/clang -c -g -O2  conftest.c >&5
configure:4268: /data/data/io.neoterm/files/home/aria2//toolchain/bin/nm -B "conftest.o"
configure:4271: output
0000000000000000 B some_variable
configure:4278: result: BSD nm
configure:4281: checking whether ln -s works
configure:4285: result: yes
configure:4293: checking the maximum length of command line arguments
configure:4424: result: 32768
configure:4472: checking how to convert aarch64-unknown-linux-gnu file names to aarch64-unknown-linux-gnu format
configure:4512: result: func_convert_file_noop
configure:4519: checking how to convert aarch64-unknown-linux-gnu file names to toolchain format
configure:4539: result: func_convert_file_noop
configure:4546: checking for /data/data/io.neoterm/files/home/aria2//toolchain/bin/ld option to reload object files
configure:4553: result: -r
configure:4627: checking for objdump
configure:4654: result: objdump
configure:4683: checking how to recognize dependent libraries
configure:4883: result: pass_all
configure:4968: checking for dlltool
configure:4995: result: dlltool
configure:5025: checking how to associate runtime and link libraries
configure:5052: result: printf %s\n
configure:5177: checking for archiver @FILE support
configure:5194: /data/data/io.neoterm/files/home/aria2//toolchain/bin/clang -c -g -O2  conftest.c >&5
configure:5194: $? = 0
configure:5197: /data/data/io.neoterm/files/home/aria2//toolchain/bin/ar cru libconftest.a @conftest.lst >&5
configure:5200: $? = 0
configure:5205: /data/data/io.neoterm/files/home/aria2//toolchain/bin/ar cru libconftest.a @conftest.lst >&5
/data/data/io.neoterm/files/home/aria2//toolchain/bin/ar: conftest.o: No such file or directory
configure:5208: $? = 1
configure:5220: result: @
configure:5278: checking for strip
configure:5305: result: /data/data/io.neoterm/files/home/aria2//toolchain/bin/strip
configure:5377: checking for ranlib
configure:5404: result: /data/data/io.neoterm/files/home/aria2//toolchain/bin/ranlib
configure:5481: checking for gawk
configure:5511: result: no
configure:5481: checking for mawk
configure:5511: result: no
configure:5481: checking for nawk
configure:5511: result: no
configure:5481: checking for awk
configure:5497: found /data/data/io.neoterm/files/usr/bin/applets/awk
configure:5508: result: awk
configure:5548: checking command to parse /data/data/io.neoterm/files/home/aria2//toolchain/bin/nm -B output from /data/data/io.neoterm/files/home/aria2//toolchain/bin/clang object
configure:5701: /data/data/io.neoterm/files/home/aria2//toolchain/bin/clang -c -g -O2  conftest.c >&5
configure:5704: $? = 0
configure:5708: /data/data/io.neoterm/files/home/aria2//toolchain/bin/nm -B conftest.o \| sed -n -e 's/^.*[ ]\([ABCDGIRSTW][ABCDGIRSTW]*\)[ ][ ]*\([_A-Za-z][_A-Za-z0-9]*\)$/\1 \2 \2/p' | sed '/ __gnu_lto/d' \> conftest.nm
configure:5711: $? = 0
configure:5777: /data/data/io.neoterm/files/home/aria2//toolchain/bin/clang -o conftest -g -O2   conftest.c conftstm.o >&5
configure:5780: $? = 0
configure:5818: result: ok
configure:5865: checking for sysroot
configure:5895: result: no
configure:5902: checking for a working dd
configure:5940: result: /data/data/io.neoterm/files/usr/bin/applets/dd
configure:5944: checking how to truncate binary pipes
configure:5959: result: /data/data/io.neoterm/files/usr/bin/applets/dd bs=4096 count=1
configure:6288: checking for mt
configure:6318: result: no
configure:6338: checking if : is a manifest tool
configure:6344: : '-?'
configure:6352: result: no
configure:7029: checking how to run the C preprocessor
configure:7060: /data/data/io.neoterm/files/home/aria2//toolchain/bin/clang -E  conftest.c
configure:7060: $? = 0
configure:7074: /data/data/io.neoterm/files/home/aria2//toolchain/bin/clang -E  conftest.c
conftest.c:9:10: fatal error: 'ac_nonexistent.h' file not found
#include <ac_nonexistent.h>
         ^~~~~~~~~~~~~~~~~~
1 error generated.
configure:7074: $? = 1
configure: failed program was:
| /* confdefs.h */
| #define PACKAGE_NAME "expat"
| #define PACKAGE_TARNAME "expat"
| #define PACKAGE_VERSION "2.2.0"
| #define PACKAGE_STRING "expat 2.2.0"
| #define PACKAGE_BUGREPORT "expat-bugs@libexpat.org"
| #define PACKAGE_URL ""
| /* end confdefs.h.  */
| #include <ac_nonexistent.h>
configure:7099: result: /data/data/io.neoterm/files/home/aria2//toolchain/bin/clang -E
configure:7119: /data/data/io.neoterm/files/home/aria2//toolchain/bin/clang -E  conftest.c
configure:7119: $? = 0
configure:7133: /data/data/io.neoterm/files/home/aria2//toolchain/bin/clang -E  conftest.c
conftest.c:9:10: fatal error: 'ac_nonexistent.h' file not found
#include <ac_nonexistent.h>
         ^~~~~~~~~~~~~~~~~~
1 error generated.
configure:7133: $? = 1
configure: failed program was:
| /* confdefs.h */
| #define PACKAGE_NAME "expat"
| #define PACKAGE_TARNAME "expat"
| #define PACKAGE_VERSION "2.2.0"
| #define PACKAGE_STRING "expat 2.2.0"
| #define PACKAGE_BUGREPORT "expat-bugs@libexpat.org"
| #define PACKAGE_URL ""
| /* end confdefs.h.  */
| #include <ac_nonexistent.h>
configure:7162: checking for ANSI C header files
configure:7182: /data/data/io.neoterm/files/home/aria2//toolchain/bin/clang -c -g -O2  conftest.c >&5
configure:7182: $? = 0
configure:7255: /data/data/io.neoterm/files/home/aria2//toolchain/bin/clang -o conftest -g -O2   conftest.c  >&5
configure:7255: $? = 0
configure:7255: ./conftest
configure:7255: $? = 0
configure:7266: result: yes
configure:7279: checking for sys/types.h
configure:7279: /data/data/io.neoterm/files/home/aria2//toolchain/bin/clang -c -g -O2  conftest.c >&5
configure:7279: $? = 0
configure:7279: result: yes
configure:7279: checking for sys/stat.h
configure:7279: /data/data/io.neoterm/files/home/aria2//toolchain/bin/clang -c -g -O2  conftest.c >&5
configure:7279: $? = 0
configure:7279: result: yes
configure:7279: checking for stdlib.h
configure:7279: /data/data/io.neoterm/files/home/aria2//toolchain/bin/clang -c -g -O2  conftest.c >&5
configure:7279: $? = 0
configure:7279: result: yes
configure:7279: checking for string.h
configure:7279: /data/data/io.neoterm/files/home/aria2//toolchain/bin/clang -c -g -O2  conftest.c >&5
configure:7279: $? = 0
configure:7279: result: yes
configure:7279: checking for memory.h
configure:7279: /data/data/io.neoterm/files/home/aria2//toolchain/bin/clang -c -g -O2  conftest.c >&5
configure:7279: $? = 0
configure:7279: result: yes
configure:7279: checking for strings.h
configure:7279: /data/data/io.neoterm/files/home/aria2//toolchain/bin/clang -c -g -O2  conftest.c >&5
configure:7279: $? = 0
configure:7279: result: yes
configure:7279: checking for inttypes.h
configure:7279: /data/data/io.neoterm/files/home/aria2//toolchain/bin/clang -c -g -O2  conftest.c >&5
configure:7279: $? = 0
configure:7279: result: yes
configure:7279: checking for stdint.h
configure:7279: /data/data/io.neoterm/files/home/aria2//toolchain/bin/clang -c -g -O2  conftest.c >&5
configure:7279: $? = 0
configure:7279: result: yes
configure:7279: checking for unistd.h
configure:7279: /data/data/io.neoterm/files/home/aria2//toolchain/bin/clang -c -g -O2  conftest.c >&5
configure:7279: $? = 0
configure:7279: result: yes
configure:7293: checking for dlfcn.h
configure:7293: /data/data/io.neoterm/files/home/aria2//toolchain/bin/clang -c -g -O2  conftest.c >&5
configure:7293: $? = 0
configure:7293: result: yes
configure:7547: checking for objdir
configure:7562: result: .libs
configure:7826: checking if /data/data/io.neoterm/files/home/aria2//toolchain/bin/clang supports -fno-rtti -fno-exceptions
configure:7844: /data/data/io.neoterm/files/home/aria2//toolchain/bin/clang -c -g -O2  -fno-rtti -fno-exceptions conftest.c >&5
configure:7848: $? = 0
configure:7861: result: yes
configure:8219: checking for /data/data/io.neoterm/files/home/aria2//toolchain/bin/clang option to produce PIC
configure:8226: result: -fPIC -DPIC
configure:8234: checking if /data/data/io.neoterm/files/home/aria2//toolchain/bin/clang PIC flag -fPIC -DPIC works
configure:8252: /data/data/io.neoterm/files/home/aria2//toolchain/bin/clang -c -g -O2  -fPIC -DPIC -DPIC conftest.c >&5
configure:8256: $? = 0
configure:8269: result: yes
configure:8298: checking if /data/data/io.neoterm/files/home/aria2//toolchain/bin/clang static flag -static works
configure:8326: result: yes
configure:8341: checking if /data/data/io.neoterm/files/home/aria2//toolchain/bin/clang supports -c -o file.o
configure:8362: /data/data/io.neoterm/files/home/aria2//toolchain/bin/clang -c -g -O2  -o out/conftest2.o conftest.c >&5
configure:8366: $? = 0
configure:8388: result: yes
configure:8396: checking if /data/data/io.neoterm/files/home/aria2//toolchain/bin/clang supports -c -o file.o
configure:8443: result: yes
configure:8476: checking whether the /data/data/io.neoterm/files/home/aria2//toolchain/bin/clang linker (/data/data/io.neoterm/files/home/aria2//toolchain/bin/ld) supports shared libraries
configure:9735: result: yes
configure:9975: checking dynamic linker characteristics
configure:10569: /data/data/io.neoterm/files/home/aria2//toolchain/bin/clang -o conftest -g -O2   -Wl,-rpath -Wl,/foo conftest.c  >&5
configure:10569: $? = 0
configure:10806: result: GNU/Linux ld.so
configure:10928: checking how to hardcode library paths into programs
configure:10953: result: immediate
configure:11501: checking whether stripping libraries is possible
configure:11506: result: yes
configure:11541: checking if libtool supports shared libraries
configure:11543: result: yes
configure:11546: checking whether to build shared libraries
configure:11571: result: no
configure:11574: checking whether to build static libraries
configure:11578: result: yes
configure:11668: checking for gcc
configure:11695: result: /data/data/io.neoterm/files/home/aria2//toolchain/bin/clang
configure:11924: checking for C compiler version
configure:11933: /data/data/io.neoterm/files/home/aria2//toolchain/bin/clang --version >&5
clang version 7.0.0 
Target: aarch64-none-linux-android
Thread model: posix
InstalledDir: /data/data/io.neoterm/files/home/aria2//toolchain/bin
configure:11944: $? = 0
configure:11933: /data/data/io.neoterm/files/home/aria2//toolchain/bin/clang -v >&5
clang version 7.0.0 
Target: aarch64-none-linux-android
Thread model: posix
InstalledDir: /data/data/io.neoterm/files/home/aria2//toolchain/bin
Found candidate GCC installation: /data/data/io.neoterm/files/home/aria2//toolchain/bin/../lib/gcc/aarch64-linux-android/4.9.x
Selected GCC installation: /data/data/io.neoterm/files/home/aria2//toolchain/bin/../lib/gcc/aarch64-linux-android/4.9.x
Candidate multilib: .;@m64
Selected multilib: .;@m64
clang-7: warning: argument unused during compilation: '-D __ANDROID_API__=28' [-Wunused-command-line-argument]
configure:11944: $? = 0
configure:11933: /data/data/io.neoterm/files/home/aria2//toolchain/bin/clang -V >&5
clang-7: error: argument to '-V' is missing (expected 1 value)
clang-7: error: no input files
configure:11944: $? = 1
configure:11933: /data/data/io.neoterm/files/home/aria2//toolchain/bin/clang -qversion >&5
clang-7: error: unknown argument '-qversion', did you mean '--version'?
clang-7: error: no input files
configure:11944: $? = 1
configure:11948: checking whether we are using the GNU C compiler
configure:11976: result: yes
configure:11985: checking whether /data/data/io.neoterm/files/home/aria2//toolchain/bin/clang accepts -g
configure:12046: result: yes
configure:12063: checking for /data/data/io.neoterm/files/home/aria2//toolchain/bin/clang option to accept ISO C89
configure:12139: result: none needed
configure:12271: checking for C++ compiler version
configure:12280: /data/data/io.neoterm/files/home/aria2//toolchain/bin/clang++ --version >&5
clang version 7.0.0 
Target: aarch64-none-linux-android
Thread model: posix
InstalledDir: /data/data/io.neoterm/files/home/aria2//toolchain/bin
configure:12291: $? = 0
configure:12280: /data/data/io.neoterm/files/home/aria2//toolchain/bin/clang++ -v >&5
clang version 7.0.0 
Target: aarch64-none-linux-android
Thread model: posix
InstalledDir: /data/data/io.neoterm/files/home/aria2//toolchain/bin
Found candidate GCC installation: /data/data/io.neoterm/files/home/aria2//toolchain/bin/../lib/gcc/aarch64-linux-android/4.9.x
Selected GCC installation: /data/data/io.neoterm/files/home/aria2//toolchain/bin/../lib/gcc/aarch64-linux-android/4.9.x
Candidate multilib: .;@m64
Selected multilib: .;@m64
clang-7: warning: argument unused during compilation: '-D __ANDROID_API__=28' [-Wunused-command-line-argument]
configure:12291: $? = 0
configure:12280: /data/data/io.neoterm/files/home/aria2//toolchain/bin/clang++ -V >&5
clang-7: error: argument to '-V' is missing (expected 1 value)
clang-7: error: no input files
configure:12291: $? = 1
configure:12280: /data/data/io.neoterm/files/home/aria2//toolchain/bin/clang++ -qversion >&5
clang-7: error: unknown argument '-qversion', did you mean '--version'?
clang-7: error: no input files
configure:12291: $? = 1
configure:12295: checking whether we are using the GNU C++ compiler
configure:12314: /data/data/io.neoterm/files/home/aria2//toolchain/bin/clang++ -c   conftest.cpp >&5
configure:12314: $? = 0
configure:12323: result: yes
configure:12332: checking whether /data/data/io.neoterm/files/home/aria2//toolchain/bin/clang++ accepts -g
configure:12352: /data/data/io.neoterm/files/home/aria2//toolchain/bin/clang++ -c -g  conftest.cpp >&5
configure:12352: $? = 0
configure:12393: result: yes
configure:12434: checking how to run the C++ preprocessor
configure:12461: /data/data/io.neoterm/files/home/aria2//toolchain/bin/clang++ -E  conftest.cpp
configure:12461: $? = 0
configure:12475: /data/data/io.neoterm/files/home/aria2//toolchain/bin/clang++ -E  conftest.cpp
conftest.cpp:21:10: fatal error: 'ac_nonexistent.h' file not found
#include <ac_nonexistent.h>
         ^~~~~~~~~~~~~~~~~~
1 error generated.
configure:12475: $? = 1
configure: failed program was:
| /* confdefs.h */
| #define PACKAGE_NAME "expat"
| #define PACKAGE_TARNAME "expat"
| #define PACKAGE_VERSION "2.2.0"
| #define PACKAGE_STRING "expat 2.2.0"
| #define PACKAGE_BUGREPORT "expat-bugs@libexpat.org"
| #define PACKAGE_URL ""
| #define STDC_HEADERS 1
| #define HAVE_SYS_TYPES_H 1
| #define HAVE_SYS_STAT_H 1
| #define HAVE_STDLIB_H 1
| #define HAVE_STRING_H 1
| #define HAVE_MEMORY_H 1
| #define HAVE_STRINGS_H 1
| #define HAVE_INTTYPES_H 1
| #define HAVE_STDINT_H 1
| #define HAVE_UNISTD_H 1
| #define HAVE_DLFCN_H 1
| #define LT_OBJDIR ".libs/"
| /* end confdefs.h.  */
| #include <ac_nonexistent.h>
configure:12500: result: /data/data/io.neoterm/files/home/aria2//toolchain/bin/clang++ -E
configure:12520: /data/data/io.neoterm/files/home/aria2//toolchain/bin/clang++ -E  conftest.cpp
configure:12520: $? = 0
configure:12534: /data/data/io.neoterm/files/home/aria2//toolchain/bin/clang++ -E  conftest.cpp
conftest.cpp:21:10: fatal error: 'ac_nonexistent.h' file not found
#include <ac_nonexistent.h>
         ^~~~~~~~~~~~~~~~~~
1 error generated.
configure:12534: $? = 1
configure: failed program was:
| /* confdefs.h */
| #define PACKAGE_NAME "expat"
| #define PACKAGE_TARNAME "expat"
| #define PACKAGE_VERSION "2.2.0"
| #define PACKAGE_STRING "expat 2.2.0"
| #define PACKAGE_BUGREPORT "expat-bugs@libexpat.org"
| #define PACKAGE_URL ""
| #define STDC_HEADERS 1
| #define HAVE_SYS_TYPES_H 1
| #define HAVE_SYS_STAT_H 1
| #define HAVE_STDLIB_H 1
| #define HAVE_STRING_H 1
| #define HAVE_MEMORY_H 1
| #define HAVE_STRINGS_H 1
| #define HAVE_INTTYPES_H 1
| #define HAVE_STDINT_H 1
| #define HAVE_UNISTD_H 1
| #define HAVE_DLFCN_H 1
| #define LT_OBJDIR ".libs/"
| /* end confdefs.h.  */
| #include <ac_nonexistent.h>
configure:12696: checking for ld used by /data/data/io.neoterm/files/home/aria2//toolchain/bin/clang++
configure:12763: result: /data/data/io.neoterm/files/home/aria2//toolchain/bin/ld
configure:12770: checking if the linker (/data/data/io.neoterm/files/home/aria2//toolchain/bin/ld) is GNU ld
configure:12785: result: yes
configure:12840: checking whether the /data/data/io.neoterm/files/home/aria2//toolchain/bin/clang++ linker (/data/data/io.neoterm/files/home/aria2//toolchain/bin/ld) supports shared libraries
configure:13913: result: yes
configure:13949: /data/data/io.neoterm/files/home/aria2//toolchain/bin/clang++ -c -g -O2  conftest.cpp >&5
configure:13952: $? = 0
configure:14433: checking for /data/data/io.neoterm/files/home/aria2//toolchain/bin/clang++ option to produce PIC
configure:14440: result: -fPIC -DPIC
configure:14448: checking if /data/data/io.neoterm/files/home/aria2//toolchain/bin/clang++ PIC flag -fPIC -DPIC works
configure:14466: /data/data/io.neoterm/files/home/aria2//toolchain/bin/clang++ -c -g -O2  -fPIC -DPIC -DPIC conftest.cpp >&5
configure:14470: $? = 0
configure:14483: result: yes
configure:14506: checking if /data/data/io.neoterm/files/home/aria2//toolchain/bin/clang++ static flag -static works
configure:14534: result: yes
configure:14546: checking if /data/data/io.neoterm/files/home/aria2//toolchain/bin/clang++ supports -c -o file.o
configure:14567: /data/data/io.neoterm/files/home/aria2//toolchain/bin/clang++ -c -g -O2  -o out/conftest2.o conftest.cpp >&5
configure:14571: $? = 0
configure:14593: result: yes
configure:14598: checking if /data/data/io.neoterm/files/home/aria2//toolchain/bin/clang++ supports -c -o file.o
configure:14645: result: yes
configure:14675: checking whether the /data/data/io.neoterm/files/home/aria2//toolchain/bin/clang++ linker (/data/data/io.neoterm/files/home/aria2//toolchain/bin/ld) supports shared libraries
configure:14715: result: yes
configure:14856: checking dynamic linker characteristics
configure:15614: result: GNU/Linux ld.so
configure:15679: checking how to hardcode library paths into programs
configure:15704: result: immediate
configure:15758: checking for a BSD-compatible install
configure:15826: result: /data/data/io.neoterm/files/usr/bin/applets/install -c
configure:15841: checking whether /data/data/io.neoterm/files/home/aria2//toolchain/bin/clang accepts -fexceptions
configure:15854: /data/data/io.neoterm/files/home/aria2//toolchain/bin/clang -o conftest -g -O2 -Wall -Wmissing-prototypes -Wstrict-prototypes -fexceptions   conftest.c  >&5
configure:15854: $? = 0
configure:15855: result: yes
configure:15868: checking for ANSI C header files
configure:15972: result: yes
configure:15982: checking whether byte ordering is bigendian
configure:16004: /data/data/io.neoterm/files/home/aria2//toolchain/bin/clang -c -g -O2 -Wall -Wmissing-prototypes -Wstrict-prototypes -fexceptions  conftest.c >&5
conftest.c:29:2: error: use of undeclared identifier 'bogus'
 bogus endian macros
 ^
1 error generated.
configure:16004: $? = 1
configure: failed program was:
| /* confdefs.h */
| #define PACKAGE_NAME "expat"
| #define PACKAGE_TARNAME "expat"
| #define PACKAGE_VERSION "2.2.0"
| #define PACKAGE_STRING "expat 2.2.0"
| #define PACKAGE_BUGREPORT "expat-bugs@libexpat.org"
| #define PACKAGE_URL ""
| #define STDC_HEADERS 1
| #define HAVE_SYS_TYPES_H 1
| #define HAVE_SYS_STAT_H 1
| #define HAVE_STDLIB_H 1
| #define HAVE_STRING_H 1
| #define HAVE_MEMORY_H 1
| #define HAVE_STRINGS_H 1
| #define HAVE_INTTYPES_H 1
| #define HAVE_STDINT_H 1
| #define HAVE_UNISTD_H 1
| #define HAVE_DLFCN_H 1
| #define LT_OBJDIR ".libs/"
| #define STDC_HEADERS 1
| /* end confdefs.h.  */
| #include <sys/types.h>
| #include <sys/param.h>
| int
| main ()
| {
| 
| #if !BYTE_ORDER || !BIG_ENDIAN || !LITTLE_ENDIAN
|  bogus endian macros
| #endif
|   ;
|   return 0;
| }
configure:16046: /data/data/io.neoterm/files/home/aria2//toolchain/bin/clang -o conftest -g -O2 -Wall -Wmissing-prototypes -Wstrict-prototypes -fexceptions   conftest.c  >&5
conftest.c:22:1: warning: type specifier missing, defaults to 'int' [-Wimplicit-int]
main () {
^
conftest.c:30:3: warning: implicitly declaring library function 'exit' with type 'void (int) __attribute__((noreturn))' [-Wimplicit-function-declaration]
  exit (u.c[sizeof (long) - 1] == 1);
  ^
conftest.c:30:3: note: include the header <stdlib.h> or explicitly provide a declaration for 'exit'
2 warnings generated.
configure:16046: $? = 0
configure:16046: ./conftest
configure:16046: $? = 0
configure:16057: result: no
configure:16110: checking for an ANSI C-conforming const
configure:16176: /data/data/io.neoterm/files/home/aria2//toolchain/bin/clang -c -g -O2 -Wall -Wmissing-prototypes -Wstrict-prototypes -fexceptions  conftest.c >&5
configure:16176: $? = 0
configure:16183: result: yes
configure:16191: checking for size_t
configure:16191: /data/data/io.neoterm/files/home/aria2//toolchain/bin/clang -c -g -O2 -Wall -Wmissing-prototypes -Wstrict-prototypes -fexceptions  conftest.c >&5
configure:16191: $? = 0
configure:16191: /data/data/io.neoterm/files/home/aria2//toolchain/bin/clang -c -g -O2 -Wall -Wmissing-prototypes -Wstrict-prototypes -fexceptions  conftest.c >&5
conftest.c:59:21: error: expected expression
if (sizeof ((size_t)))
                    ^
1 error generated.
configure:16191: $? = 1
configure: failed program was:
| /* confdefs.h */
| #define PACKAGE_NAME "expat"
| #define PACKAGE_TARNAME "expat"
| #define PACKAGE_VERSION "2.2.0"
| #define PACKAGE_STRING "expat 2.2.0"
| #define PACKAGE_BUGREPORT "expat-bugs@libexpat.org"
| #define PACKAGE_URL ""
| #define STDC_HEADERS 1
| #define HAVE_SYS_TYPES_H 1
| #define HAVE_SYS_STAT_H 1
| #define HAVE_STDLIB_H 1
| #define HAVE_STRING_H 1
| #define HAVE_MEMORY_H 1
| #define HAVE_STRINGS_H 1
| #define HAVE_INTTYPES_H 1
| #define HAVE_STDINT_H 1
| #define HAVE_UNISTD_H 1
| #define HAVE_DLFCN_H 1
| #define LT_OBJDIR ".libs/"
| #define STDC_HEADERS 1
| #define BYTEORDER 1234
| /* end confdefs.h.  */
| #include <stdio.h>
| #ifdef HAVE_SYS_TYPES_H
| # include <sys/types.h>
| #endif
| #ifdef HAVE_SYS_STAT_H
| # include <sys/stat.h>
| #endif
| #ifdef STDC_HEADERS
| # include <stdlib.h>
| # include <stddef.h>
| #else
| # ifdef HAVE_STDLIB_H
| #  include <stdlib.h>
| # endif
| #endif
| #ifdef HAVE_STRING_H
| # if !defined STDC_HEADERS && defined HAVE_MEMORY_H
| #  include <memory.h>
| # endif
| # include <string.h>
| #endif
| #ifdef HAVE_STRINGS_H
| # include <strings.h>
| #endif
| #ifdef HAVE_INTTYPES_H
| # include <inttypes.h>
| #endif
| #ifdef HAVE_STDINT_H
| # include <stdint.h>
| #endif
| #ifdef HAVE_UNISTD_H
| # include <unistd.h>
| #endif
| int
| main ()
| {
| if (sizeof ((size_t)))
| 	    return 0;
|   ;
|   return 0;
| }
configure:16191: result: yes
configure:16205: checking for memmove
configure:16205: /data/data/io.neoterm/files/home/aria2//toolchain/bin/clang -o conftest -g -O2 -Wall -Wmissing-prototypes -Wstrict-prototypes -fexceptions   conftest.c  >&5
conftest.c:46:14: warning: this function declaration is not a prototype [-Wstrict-prototypes]
char memmove ();
             ^
              void
conftest.c:46:6: warning: incompatible redeclaration of library function 'memmove' [-Wincompatible-library-redeclaration]
char memmove ();
     ^
conftest.c:46:6: note: 'memmove' is a builtin with type 'void *(void *, const void *, unsigned long)'
2 warnings generated.
configure:16205: $? = 0
configure:16205: result: yes
configure:16205: checking for bcopy
configure:16205: /data/data/io.neoterm/files/home/aria2//toolchain/bin/clang -o conftest -g -O2 -Wall -Wmissing-prototypes -Wstrict-prototypes -fexceptions   conftest.c  >&5
conftest.c:47:12: warning: this function declaration is not a prototype [-Wstrict-prototypes]
char bcopy ();
           ^
            void
1 warning generated.
/data/data/io.neoterm/files/usr/tmp/conftest-8a85a2.o: In function `main':
/data/data/io.neoterm/files/usr/tmp/expat-2.2.0/conftest.c:58: undefined reference to `bcopy'
clang-7: error: linker command failed with exit code 1 (use -v to see invocation)
configure:16205: $? = 1
configure: failed program was:
| /* confdefs.h */
| #define PACKAGE_NAME "expat"
| #define PACKAGE_TARNAME "expat"
| #define PACKAGE_VERSION "2.2.0"
| #define PACKAGE_STRING "expat 2.2.0"
| #define PACKAGE_BUGREPORT "expat-bugs@libexpat.org"
| #define PACKAGE_URL ""
| #define STDC_HEADERS 1
| #define HAVE_SYS_TYPES_H 1
| #define HAVE_SYS_STAT_H 1
| #define HAVE_STDLIB_H 1
| #define HAVE_STRING_H 1
| #define HAVE_MEMORY_H 1
| #define HAVE_STRINGS_H 1
| #define HAVE_INTTYPES_H 1
| #define HAVE_STDINT_H 1
| #define HAVE_UNISTD_H 1
| #define HAVE_DLFCN_H 1
| #define LT_OBJDIR ".libs/"
| #define STDC_HEADERS 1
| #define BYTEORDER 1234
| #define HAVE_MEMMOVE 1
| /* end confdefs.h.  */
| /* Define bcopy to an innocuous variant, in case <limits.h> declares bcopy.
|    For example, HP-UX 11i <limits.h> declares gettimeofday.  */
| #define bcopy innocuous_bcopy
| 
| /* System header to define __stub macros and hopefully few prototypes,
|     which can conflict with char bcopy (); below.
|     Prefer <limits.h> to <assert.h> if __STDC__ is defined, since
|     <limits.h> exists even on freestanding compilers.  */
| 
| #ifdef __STDC__
| # include <limits.h>
| #else
| # include <assert.h>
| #endif
| 
| #undef bcopy
| 
| /* Override any GCC internal prototype to avoid an error.
|    Use char because int might match the return type of a GCC
|    builtin and then its argument prototype would still apply.  */
| #ifdef __cplusplus
| extern "C"
| #endif
| char bcopy ();
| /* The GNU C library defines this for functions which it implements
|     to always fail with ENOSYS.  Some functions are actually named
|     something starting with __ and the normal name is an alias.  */
| #if defined __stub_bcopy || defined __stub___bcopy
| choke me
| #endif
| 
| int
| main ()
| {
| return bcopy ();
|   ;
|   return 0;
| }
configure:16205: result: no
configure:16218: checking fcntl.h usability
configure:16218: /data/data/io.neoterm/files/home/aria2//toolchain/bin/clang -c -g -O2 -Wall -Wmissing-prototypes -Wstrict-prototypes -fexceptions  conftest.c >&5
configure:16218: $? = 0
configure:16218: result: yes
configure:16218: checking fcntl.h presence
configure:16218: /data/data/io.neoterm/files/home/aria2//toolchain/bin/clang -E  conftest.c
configure:16218: $? = 0
configure:16218: result: yes
configure:16218: checking for fcntl.h
configure:16218: result: yes
configure:16218: checking for unistd.h
configure:16218: result: yes
configure:16228: checking for off_t
configure:16228: /data/data/io.neoterm/files/home/aria2//toolchain/bin/clang -c -g -O2 -Wall -Wmissing-prototypes -Wstrict-prototypes -fexceptions  conftest.c >&5
configure:16228: $? = 0
configure:16228: /data/data/io.neoterm/files/home/aria2//toolchain/bin/clang -c -g -O2 -Wall -Wmissing-prototypes -Wstrict-prototypes -fexceptions  conftest.c >&5
conftest.c:62:20: error: expected expression
if (sizeof ((off_t)))
                   ^
1 error generated.
configure:16228: $? = 1
configure: failed program was:
| /* confdefs.h */
| #define PACKAGE_NAME "expat"
| #define PACKAGE_TARNAME "expat"
| #define PACKAGE_VERSION "2.2.0"
| #define PACKAGE_STRING "expat 2.2.0"
| #define PACKAGE_BUGREPORT "expat-bugs@libexpat.org"
| #define PACKAGE_URL ""
| #define STDC_HEADERS 1
| #define HAVE_SYS_TYPES_H 1
| #define HAVE_SYS_STAT_H 1
| #define HAVE_STDLIB_H 1
| #define HAVE_STRING_H 1
| #define HAVE_MEMORY_H 1
| #define HAVE_STRINGS_H 1
| #define HAVE_INTTYPES_H 1
| #define HAVE_STDINT_H 1
| #define HAVE_UNISTD_H 1
| #define HAVE_DLFCN_H 1
| #define LT_OBJDIR ".libs/"
| #define STDC_HEADERS 1
| #define BYTEORDER 1234
| #define HAVE_MEMMOVE 1
| #define HAVE_FCNTL_H 1
| #define HAVE_UNISTD_H 1
| /* end confdefs.h.  */
| #include <stdio.h>
| #ifdef HAVE_SYS_TYPES_H
| # include <sys/types.h>
| #endif
| #ifdef HAVE_SYS_STAT_H
| # include <sys/stat.h>
| #endif
| #ifdef STDC_HEADERS
| # include <stdlib.h>
| # include <stddef.h>
| #else
| # ifdef HAVE_STDLIB_H
| #  include <stdlib.h>
| # endif
| #endif
| #ifdef HAVE_STRING_H
| # if !defined STDC_HEADERS && defined HAVE_MEMORY_H
| #  include <memory.h>
| # endif
| # include <string.h>
| #endif
| #ifdef HAVE_STRINGS_H
| # include <strings.h>
| #endif
| #ifdef HAVE_INTTYPES_H
| # include <inttypes.h>
| #endif
| #ifdef HAVE_STDINT_H
| # include <stdint.h>
| #endif
| #ifdef HAVE_UNISTD_H
| # include <unistd.h>
| #endif
| int
| main ()
| {
| if (sizeof ((off_t)))
| 	    return 0;
|   ;
|   return 0;
| }
configure:16228: result: yes
configure:16245: checking for stdlib.h
configure:16245: result: yes
configure:16245: checking for unistd.h
configure:16245: result: yes
configure:16245: checking for sys/param.h
configure:16245: /data/data/io.neoterm/files/home/aria2//toolchain/bin/clang -c -g -O2 -Wall -Wmissing-prototypes -Wstrict-prototypes -fexceptions  conftest.c >&5
configure:16245: $? = 0
configure:16245: result: yes
configure:16265: checking for getpagesize
configure:16265: /data/data/io.neoterm/files/home/aria2//toolchain/bin/clang -o conftest -g -O2 -Wall -Wmissing-prototypes -Wstrict-prototypes -fexceptions   conftest.c  >&5
conftest.c:52:18: warning: this function declaration is not a prototype [-Wstrict-prototypes]
char getpagesize ();
                 ^
                  void
1 warning generated.
configure:16265: $? = 0
configure:16265: result: yes
configure:16274: checking for working mmap
configure:16421: /data/data/io.neoterm/files/home/aria2//toolchain/bin/clang -o conftest -g -O2 -Wall -Wmissing-prototypes -Wstrict-prototypes -fexceptions   conftest.c  >&5
configure:16421: $? = 0
configure:16421: ./conftest
configure:16421: $? = 0
configure:16431: result: yes
configure:16460: checking for /data/data/io.neoterm/files/home/aria2//toolchain/bin/clang option to accept ISO C99
configure:16609: /data/data/io.neoterm/files/home/aria2//toolchain/bin/clang  -c -g -O2 -Wall -Wmissing-prototypes -Wstrict-prototypes -fexceptions  conftest.c >&5
configure:16609: $? = 0
configure:16622: result: none needed
configure:16730: checking for /data/data/io.neoterm/files/home/aria2//toolchain/bin/clang option to accept ISO Standard C
configure:16741: result: none needed
configure:16748: checking for an ANSI C99-conforming __func__
configure:16764: /data/data/io.neoterm/files/home/aria2//toolchain/bin/clang -c -g -O2 -Wall -Wmissing-prototypes -Wstrict-prototypes -fexceptions  conftest.c >&5
conftest.c:35:7: warning: initializing 'char *' with an expression of type 'const char [5]' discards qualifiers [-Wincompatible-pointer-types-discards-qualifiers]
char *foo = __func__;
      ^     ~~~~~~~~
conftest.c:35:7: warning: unused variable 'foo' [-Wunused-variable]
2 warnings generated.
configure:16764: $? = 0
configure:16787: result: yes
configure:16927: creating ./config.status

## ---------------------- ##
## Running config.status. ##
## ---------------------- ##

This file was extended by expat config.status 2.2.0, which was
generated by GNU Autoconf 2.69.  Invocation command line was

  CONFIG_FILES    = 
  CONFIG_HEADERS  = 
  CONFIG_LINKS    = 
  CONFIG_COMMANDS = 
  $ ./config.status 

on localhost

config.status:1124: creating Makefile
config.status:1227: WARNING:  'Makefile.in' seems to ignore the --datarootdir setting
config.status:1124: creating expat.pc
config.status:1124: creating expat_config.h
config.status:1313: executing libtool commands

## ---------------- ##
## Cache variables. ##
## ---------------- ##

ac_cv_build=aarch64-unknown-linux-gnu
ac_cv_c_bigendian=no
ac_cv_c_compiler_gnu=yes
ac_cv_c_const=yes
ac_cv_cpp_func=yes
ac_cv_cxx_compiler_gnu=yes
ac_cv_env_CCC_set=
ac_cv_env_CCC_value=
ac_cv_env_CC_set=set
ac_cv_env_CC_value=/data/data/io.neoterm/files/home/aria2//toolchain/bin/clang
ac_cv_env_CFLAGS_set=
ac_cv_env_CFLAGS_value=
ac_cv_env_CPPFLAGS_set=
ac_cv_env_CPPFLAGS_value=
ac_cv_env_CPP_set=
ac_cv_env_CPP_value=
ac_cv_env_CXXCPP_set=
ac_cv_env_CXXCPP_value=
ac_cv_env_CXXFLAGS_set=
ac_cv_env_CXXFLAGS_value=
ac_cv_env_CXX_set=set
ac_cv_env_CXX_value=/data/data/io.neoterm/files/home/aria2//toolchain/bin/clang++
ac_cv_env_LDFLAGS_set=
ac_cv_env_LDFLAGS_value=
ac_cv_env_LIBS_set=
ac_cv_env_LIBS_value=
ac_cv_env_LT_SYS_LIBRARY_PATH_set=
ac_cv_env_LT_SYS_LIBRARY_PATH_value=
ac_cv_env_build_alias_set=
ac_cv_env_build_alias_value=
ac_cv_env_host_alias_set=
ac_cv_env_host_alias_value=
ac_cv_env_target_alias_set=
ac_cv_env_target_alias_value=
ac_cv_func_bcopy=no
ac_cv_func_getpagesize=yes
ac_cv_func_memmove=yes
ac_cv_func_mmap_fixed_mapped=yes
ac_cv_header_dlfcn_h=yes
ac_cv_header_fcntl_h=yes
ac_cv_header_inttypes_h=yes
ac_cv_header_memory_h=yes
ac_cv_header_stdc=yes
ac_cv_header_stdint_h=yes
ac_cv_header_stdlib_h=yes
ac_cv_header_string_h=yes
ac_cv_header_strings_h=yes
ac_cv_header_sys_param_h=yes
ac_cv_header_sys_stat_h=yes
ac_cv_header_sys_types_h=yes
ac_cv_header_unistd_h=yes
ac_cv_host=aarch64-unknown-linux-gnu
ac_cv_objext=o
ac_cv_path_EGREP='/data/data/io.neoterm/files/usr/bin/applets/grep -E'
ac_cv_path_FGREP='/data/data/io.neoterm/files/usr/bin/applets/grep -F'
ac_cv_path_GREP=/data/data/io.neoterm/files/usr/bin/applets/grep
ac_cv_path_SED=/data/data/io.neoterm/files/home/aria2//toolchain/bin/sed
ac_cv_path_install='/data/data/io.neoterm/files/usr/bin/applets/install -c'
ac_cv_path_lt_DD=/data/data/io.neoterm/files/usr/bin/applets/dd
ac_cv_prog_AWK=awk
ac_cv_prog_CPP='/data/data/io.neoterm/files/home/aria2//toolchain/bin/clang -E'
ac_cv_prog_CXXCPP='/data/data/io.neoterm/files/home/aria2//toolchain/bin/clang++ -E'
ac_cv_prog_ac_ct_CC=/data/data/io.neoterm/files/home/aria2//toolchain/bin/clang
ac_cv_prog_ac_ct_DLLTOOL=dlltool
ac_cv_prog_ac_ct_OBJDUMP=objdump
ac_cv_prog_ac_ct_RANLIB=/data/data/io.neoterm/files/home/aria2//toolchain/bin/ranlib
ac_cv_prog_ac_ct_STRIP=/data/data/io.neoterm/files/home/aria2//toolchain/bin/strip
ac_cv_prog_cc_c89=
ac_cv_prog_cc_c99=
ac_cv_prog_cc_g=yes
ac_cv_prog_cc_stdc=
ac_cv_prog_cxx_g=yes
ac_cv_type_off_t=yes
ac_cv_type_size_t=yes
lt_cv_ar_at_file=@
lt_cv_deplibs_check_method=pass_all
lt_cv_file_magic_cmd='$MAGIC_CMD'
lt_cv_file_magic_test_file=
lt_cv_ld_reload_flag=-r
lt_cv_nm_interface='BSD nm'
lt_cv_objdir=.libs
lt_cv_path_LD=/data/data/io.neoterm/files/home/aria2//toolchain/bin/ld
lt_cv_path_LDCXX=/data/data/io.neoterm/files/home/aria2//toolchain/bin/ld
lt_cv_path_NM='/data/data/io.neoterm/files/home/aria2//toolchain/bin/nm -B'
lt_cv_path_mainfest_tool=no
lt_cv_prog_compiler_c_o=yes
lt_cv_prog_compiler_c_o_CXX=yes
lt_cv_prog_compiler_pic='-fPIC -DPIC'
lt_cv_prog_compiler_pic_CXX='-fPIC -DPIC'
lt_cv_prog_compiler_pic_works=yes
lt_cv_prog_compiler_pic_works_CXX=yes
lt_cv_prog_compiler_rtti_exceptions=yes
lt_cv_prog_compiler_static_works=yes
lt_cv_prog_compiler_static_works_CXX=yes
lt_cv_prog_gnu_ld=yes
lt_cv_prog_gnu_ldcxx=yes
lt_cv_sharedlib_from_linklib_cmd='printf %s\n'
lt_cv_shlibpath_overrides_runpath=yes
lt_cv_sys_global_symbol_pipe='sed -n -e '\''s/^.*[	 ]\([ABCDGIRSTW][ABCDGIRSTW]*\)[	 ][	 ]*\([_A-Za-z][_A-Za-z0-9]*\)$/\1 \2 \2/p'\'' | sed '\''/ __gnu_lto/d'\'''
lt_cv_sys_global_symbol_to_c_name_address='sed -n -e '\''s/^: \(.*\) .*$/  {"\1", (void *) 0},/p'\'' -e '\''s/^[ABCDGIRSTW][ABCDGIRSTW]* .* \(.*\)$/  {"\1", (void *) \&\1},/p'\'''
lt_cv_sys_global_symbol_to_c_name_address_lib_prefix='sed -n -e '\''s/^: \(.*\) .*$/  {"\1", (void *) 0},/p'\'' -e '\''s/^[ABCDGIRSTW][ABCDGIRSTW]* .* \(lib.*\)$/  {"\1", (void *) \&\1},/p'\'' -e '\''s/^[ABCDGIRSTW][ABCDGIRSTW]* .* \(.*\)$/  {"lib\1", (void *) \&\1},/p'\'''
lt_cv_sys_global_symbol_to_cdecl='sed -n -e '\''s/^T .* \(.*\)$/extern int \1();/p'\'' -e '\''s/^[ABCDGIRSTW][ABCDGIRSTW]* .* \(.*\)$/extern char \1;/p'\'''
lt_cv_sys_global_symbol_to_import=
lt_cv_sys_max_cmd_len=32768
lt_cv_to_host_file_cmd=func_convert_file_noop
lt_cv_to_tool_file_cmd=func_convert_file_noop
lt_cv_truncate_bin='/data/data/io.neoterm/files/usr/bin/applets/dd bs=4096 count=1'

## ----------------- ##
## Output variables. ##
## ----------------- ##

AR='/data/data/io.neoterm/files/home/aria2//toolchain/bin/ar'
AS='as'
AWK='awk'
CC='/data/data/io.neoterm/files/home/aria2//toolchain/bin/clang'
CFLAGS='-g -O2 -Wall -Wmissing-prototypes -Wstrict-prototypes -fexceptions'
CPP='/data/data/io.neoterm/files/home/aria2//toolchain/bin/clang -E'
CPPFLAGS=''
CXX='/data/data/io.neoterm/files/home/aria2//toolchain/bin/clang++'
CXXCPP='/data/data/io.neoterm/files/home/aria2//toolchain/bin/clang++ -E'
CXXFLAGS='-g -O2'
DEFS='-DHAVE_CONFIG_H'
DLLTOOL='dlltool'
DSYMUTIL=''
DUMPBIN=''
ECHO_C=''
ECHO_N='-n'
ECHO_T=''
EGREP='/data/data/io.neoterm/files/usr/bin/applets/grep -E'
EXEEXT=''
FGREP='/data/data/io.neoterm/files/usr/bin/applets/grep -F'
FILEMAP='unixfilemap'
GREP='/data/data/io.neoterm/files/usr/bin/applets/grep'
INSTALL_DATA='${INSTALL} -m 644'
INSTALL_PROGRAM='${INSTALL}'
INSTALL_SCRIPT='${INSTALL}'
LD='/data/data/io.neoterm/files/home/aria2//toolchain/bin/ld'
LDFLAGS=''
LIBAGE='6'
LIBCURRENT='7'
LIBOBJS=''
LIBREVISION='2'
LIBS=''
LIBTOOL='$(SHELL) $(top_builddir)/libtool'
LIPO=''
LN_S='ln -s'
LTLIBOBJS=''
LT_SYS_LIBRARY_PATH=''
MANIFEST_TOOL=':'
NM='/data/data/io.neoterm/files/home/aria2//toolchain/bin/nm -B'
NMEDIT=''
OBJDUMP='objdump'
OBJEXT='o'
OTOOL64=''
OTOOL=''
PACKAGE_BUGREPORT='expat-bugs@libexpat.org'
PACKAGE_NAME='expat'
PACKAGE_STRING='expat 2.2.0'
PACKAGE_TARNAME='expat'
PACKAGE_URL=''
PACKAGE_VERSION='2.2.0'
PATH_SEPARATOR=':'
RANLIB='/data/data/io.neoterm/files/home/aria2//toolchain/bin/ranlib'
SED='/data/data/io.neoterm/files/home/aria2//toolchain/bin/sed'
SHELL='/bin/sh'
STRIP='/data/data/io.neoterm/files/home/aria2//toolchain/bin/strip'
ac_ct_AR=''
ac_ct_CC='/data/data/io.neoterm/files/home/aria2//toolchain/bin/clang'
ac_ct_CXX=''
ac_ct_DUMPBIN=''
bindir='${exec_prefix}/bin'
build='aarch64-unknown-linux-gnu'
build_alias=''
build_cpu='aarch64'
build_os='linux-gnu'
build_vendor='unknown'
datadir='${datarootdir}'
datarootdir='${prefix}/share'
docdir='${datarootdir}/doc/${PACKAGE_TARNAME}'
dvidir='${docdir}'
exec_prefix='${prefix}'
host='aarch64-unknown-linux-gnu'
host_alias=''
host_cpu='aarch64'
host_os='linux-gnu'
host_vendor='unknown'
htmldir='${docdir}'
includedir='${prefix}/include'
infodir='${datarootdir}/info'
libdir='${exec_prefix}/lib'
libexecdir='${exec_prefix}/libexec'
localedir='${datarootdir}/locale'
localstatedir='${prefix}/var'
mandir='${datarootdir}/man'
oldincludedir='/usr/include'
pdfdir='${docdir}'
prefix='/data/data/io.neoterm/files/home/aria2//usr/local'
program_transform_name='s,x,x,'
psdir='${docdir}'
sbindir='${exec_prefix}/sbin'
sharedstatedir='${prefix}/com'
sysconfdir='${prefix}/etc'
target_alias=''

## ----------- ##
## confdefs.h. ##
## ----------- ##

/* confdefs.h */
#define PACKAGE_NAME "expat"
#define PACKAGE_TARNAME "expat"
#define PACKAGE_VERSION "2.2.0"
#define PACKAGE_STRING "expat 2.2.0"
#define PACKAGE_BUGREPORT "expat-bugs@libexpat.org"
#define PACKAGE_URL ""
#define STDC_HEADERS 1
#define HAVE_SYS_TYPES_H 1
#define HAVE_SYS_STAT_H 1
#define HAVE_STDLIB_H 1
#define HAVE_STRING_H 1
#define HAVE_MEMORY_H 1
#define HAVE_STRINGS_H 1
#define HAVE_INTTYPES_H 1
#define HAVE_STDINT_H 1
#define HAVE_UNISTD_H 1
#define HAVE_DLFCN_H 1
#define LT_OBJDIR ".libs/"
#define STDC_HEADERS 1
#define BYTEORDER 1234
#define HAVE_MEMMOVE 1
#define HAVE_FCNTL_H 1
#define HAVE_UNISTD_H 1
#define HAVE_STDLIB_H 1
#define HAVE_UNISTD_H 1
#define HAVE_SYS_PARAM_H 1
#define HAVE_GETPAGESIZE 1
#define HAVE_MMAP 1
#define XML_NS 1
#define XML_DTD 1
#define XML_CONTEXT_BYTES 1024

configure: exit 0
